Content-Type: multipart/alternative;
 boundary="===============5217970200381091960=="
MIME-Version: 1.0
Subject: Profile activation
From: test@example.com
To: test_user@gmail.com
Date: Thu, 20 Apr 2023 09:32:46 -0000
Message-ID: 
 <168198316613.19688.18419948270991900117@1.0.0.0.0.0.0.0.0.0.0.0.0.0.0.0.0.0.0.0.0.0.0.0.0.0.0.0.0.0.0.0.ip6.arpa>

--===============5217970200381091960==
Content-Type: text/plain; charset="utf-8"
MIME-Version: 1.0
Content-Transfer-Encoding: 7bit



To activate your profile, please follow this link:

http://127.0.0.1:8000/accounts/activate/ZB3MUMDCNJnACXQdBX9x/

--===============5217970200381091960==
Content-Type: text/html; charset="utf-8"
MIME-Version: 1.0
Content-Transfer-Encoding: 7bit



<!DOCTYPE html PUBLIC "-//W3C//DTD XHTML 1.0 Transitional//EN"
        "http://www.w3.org/TR/xhtml1/DTD/xhtml1-transitional.dtd">
<html xmlns="http://www.w3.org/1999/xhtml">
<head>
    <meta http-equiv="Content-Type" content="text/html; charset=UTF-8"/>
    <title>Profile activation</title>
    <meta name="viewport" content="width=device-width, initial-scale=1.0"/>
</head>

<body>

<p>
    To activate your profile, please follow this link:
</p>

<p>
    <a href="http://127.0.0.1:8000/accounts/activate/ZB3MUMDCNJnACXQdBX9x/">http://127.0.0.1:8000/accounts/activate/ZB3MUMDCNJnACXQdBX9x/</a>
</p>

</body>

</html>

--===============5217970200381091960==--

-------------------------------------------------------------------------------
