Content-Type: multipart/alternative;
 boundary="===============8505603027917374871=="
MIME-Version: 1.0
Subject: Profile activation
From: test@example.com
To: bofohe1588@momoshe.com
Date: Thu, 20 Apr 2023 09:33:37 -0000
Message-ID: 
 <168198321734.19688.11044010895942540951@1.0.0.0.0.0.0.0.0.0.0.0.0.0.0.0.0.0.0.0.0.0.0.0.0.0.0.0.0.0.0.0.ip6.arpa>

--===============8505603027917374871==
Content-Type: text/plain; charset="utf-8"
MIME-Version: 1.0
Content-Transfer-Encoding: 7bit



To activate your profile, please follow this link:

http://127.0.0.1:8000/accounts/activate/zAZYCByz8HDk1Yforibh/

--===============8505603027917374871==
Content-Type: text/html; charset="utf-8"
MIME-Version: 1.0
Content-Transfer-Encoding: 7bit



<!DOCTYPE html PUBLIC "-//W3C//DTD XHTML 1.0 Transitional//EN"
        "http://www.w3.org/TR/xhtml1/DTD/xhtml1-transitional.dtd">
<html xmlns="http://www.w3.org/1999/xhtml">
<head>
    <meta http-equiv="Content-Type" content="text/html; charset=UTF-8"/>
    <title>Profile activation</title>
    <meta name="viewport" content="width=device-width, initial-scale=1.0"/>
</head>

<body>

<p>
    To activate your profile, please follow this link:
</p>

<p>
    <a href="http://127.0.0.1:8000/accounts/activate/zAZYCByz8HDk1Yforibh/">http://127.0.0.1:8000/accounts/activate/zAZYCByz8HDk1Yforibh/</a>
</p>

</body>

</html>

--===============8505603027917374871==--

-------------------------------------------------------------------------------
